{
  "RSpec": {
    "coverage": {
      "/Users/willoughbyhood/Projects/BookmarkManager/app.rb": {
        "lines": [
          1,
          1,
          1,
          null,
          1,
          1,
          1,
          null,
          null,
          1,
          null,
          1,
          1,
          null,
          null,
          1,
          6,
          6,
          null,
          null,
          1,
          1,
          null,
          null,
          1,
          1,
          1,
          null,
          null,
          1,
          1,
          1,
          null,
          null,
          1,
          1,
          1,
          null,
          null,
          1,
          null,
          null,
          null,
          null,
          null,
          1,
          1,
          null,
          null,
          1,
          null,
          null
        ]
      },
      "/Users/willoughbyhood/Projects/BookmarkManager/lib/bookmark.rb": {
        "lines": [
          1,
          null,
          1,
          null,
          1,
          null,
          1,
          24,
          24,
          24,
          null,
          null,
          1,
          7,
          7,
          null,
          0,
          null,
          7,
          7,
          15,
          null,
          null,
          null,
          1,
          9,
          9,
          null,
          0,
          null,
          9,
          9,
          null,
          null,
          1,
          2,
          2,
          null,
          0,
          null,
          2,
          null,
          null,
          1,
          2,
          2,
          null,
          0,
          null,
          2,
          null,
          null,
          null,
          null
        ]
      },
      "/Users/willoughbyhood/Projects/BookmarkManager/spec/bookmark_spec.rb": {
        "lines": [
          1,
          1,
          null,
          1,
          null,
          1,
          1,
          1,
          1,
          null,
          1,
          1,
          1,
          1,
          null,
          null,
          null,
          1,
          1,
          1,
          1,
          null,
          1,
          null,
          null,
          null,
          1,
          1,
          1,
          1,
          null,
          1,
          1,
          1,
          null,
          null,
          null
        ]
      },
      "/Users/willoughbyhood/Projects/BookmarkManager/spec/database_helper.rb": {
        "lines": [
          1,
          null,
          1,
          1,
          1,
          1,
          null
        ]
      },
      "/Users/willoughbyhood/Projects/BookmarkManager/spec/features/add_bookmark_spec.rb": {
        "lines": [
          1,
          1,
          1,
          1,
          1,
          1,
          null,
          1,
          null,
          null
        ]
      },
      "/Users/willoughbyhood/Projects/BookmarkManager/spec/features/bookmark_feat_spec.rb": {
        "lines": [
          null,
          null,
          null,
          null,
          null,
          null,
          null,
          null,
          null,
          1,
          1,
          null,
          null,
          null,
          1,
          1,
          1,
          null,
          1,
          null,
          1,
          1,
          1,
          null,
          null
        ]
      },
      "/Users/willoughbyhood/Projects/BookmarkManager/spec/features/delete_bookmark_spec.rb": {
        "lines": [
          1,
          1,
          1,
          1,
          1,
          null,
          1,
          null,
          null,
          1,
          null,
          null
        ]
      },
      "/Users/willoughbyhood/Projects/BookmarkManager/spec/features/index_feat_spec.rb": {
        "lines": [
          null,
          1,
          1,
          1,
          1,
          null,
          null
        ]
      },
      "/Users/willoughbyhood/Projects/BookmarkManager/spec/features/update_bookmark_spec.rb": {
        "lines": [
          1,
          1,
          1,
          1,
          null,
          1,
          1,
          1,
          1,
          null,
          1,
          null,
          null
        ]
      }
    },
    "timestamp": 1621528245
  }
}
