{
  "RSpec": {
    "coverage": {
      "/Users/jamesmcmullan/Desktop/Projects/bookmark_challenge/app.rb": [
        1,
        1,
        1,
        null,
        1,
        1,
        1,
        null,
        null,
        1,
        null,
        1,
        1,
        null,
        null,
        1,
        4,
        4,
        null,
        null,
        1,
        1,
        null,
        null,
        1,
        1,
        1,
        null,
        null,
        1,
        1,
        1,
        null,
        null,
        1,
        null,
        null
      ],
      "/Users/jamesmcmullan/Desktop/Projects/bookmark_challenge/lib/bookmark.rb": [
        1,
        null,
        1,
        null,
        1,
        null,
        1,
        17,
        17,
        17,
        null,
        null,
        1,
        5,
        5,
        null,
        0,
        null,
        5,
        5,
        10,
        null,
        null,
        null,
        1,
        7,
        7,
        null,
        0,
        null,
        7,
        7,
        null,
        null,
        1,
        2,
        2,
        null,
        0,
        null,
        2,
        null,
        null,
        null
      ],
      "/Users/jamesmcmullan/Desktop/Projects/bookmark_challenge/spec/bookmark_spec.rb": [
        1,
        1,
        null,
        1,
        null,
        1,
        1,
        1,
        1,
        null,
        1,
        1,
        1,
        1,
        null,
        null,
        null,
        1,
        1,
        1,
        1,
        null,
        1,
        null,
        null,
        null
      ],
      "/Users/jamesmcmullan/Desktop/Projects/bookmark_challenge/spec/database_helper.rb": [
        1,
        null,
        1,
        1,
        1,
        1,
        null
      ],
      "/Users/jamesmcmullan/Desktop/Projects/bookmark_challenge/spec/features/add_bookmark_spec.rb": [
        1,
        1,
        1,
        1,
        1,
        1,
        null,
        1,
        null,
        null
      ],
      "/Users/jamesmcmullan/Desktop/Projects/bookmark_challenge/spec/features/bookmark_feat_spec.rb": [
        null,
        null,
        null,
        null,
        null,
        null,
        null,
        null,
        null,
        1,
        1,
        null,
        null,
        null,
        1,
        1,
        1,
        null,
        1,
        null,
        1,
        1,
        1,
        null,
        null
      ],
      "/Users/jamesmcmullan/Desktop/Projects/bookmark_challenge/spec/features/delete_bookmark_spec.rb": [
        1,
        1,
        1,
        1,
        1,
        null,
        1,
        null,
        null,
        1,
        null,
        null
      ],
      "/Users/jamesmcmullan/Desktop/Projects/bookmark_challenge/spec/features/index_feat_spec.rb": [
        null,
        1,
        1,
        1,
        1,
        null,
        null
      ]
    },
    "timestamp": 1621523315
  }
}
